2020-04-01 04:44:31 Error: GlabelSample
2020-04-01 04:44:31 Error: GlabelSample
2020-04-01 04:44:31 Error: GlabelSample
2020-04-01 04:45:09 Error: GlabelSample
2020-04-01 04:45:09 Error: GlabelSample
2020-04-01 04:45:09 Error: GlabelSample
2020-04-01 04:45:28 Error: GlabelSample
2020-04-01 04:45:28 Error: GlabelSample
2020-04-01 04:45:28 Error: GlabelSample
2020-04-01 04:55:30 Error: Fatal Error (1): Interface 'App\Lib\PrintLabels\GlabelInterface' not found in [/Users/jmcd/sites/tgn-wms-cakephp4/src/Lib/PrintLabels/Glabel/ShippingLabel.php, line 8]
Trace:
Cake\Error\BaseErrorHandler::handleFatalError() - CORE/src/Error/BaseErrorHandler.php, line 258
Cake\Error\BaseErrorHandler::Cake\Error\{closure}() - CORE/src/Error/BaseErrorHandler.php, line 122
[main] - [internal], line ??



2020-04-01 04:55:30 Error: [Cake\Error\FatalErrorException] Interface 'App\Lib\PrintLabels\GlabelInterface' not found in /Users/jmcd/sites/tgn-wms-cakephp4/src/Lib/PrintLabels/Glabel/ShippingLabel.php on line 8
Stack Trace:
- /Users/jmcd/sites/tgn-wms-cakephp4/vendor/cakephp/cakephp/src/Error/BaseErrorHandler.php:122
- [main] - [internal], line ??


2020-04-01 04:55:42 Error: Fatal Error (1): Interface 'App\Lib\PrintLabels\GlabelInterface' not found in [/Users/jmcd/sites/tgn-wms-cakephp4/src/Lib/PrintLabels/Glabel/ShippingLabel.php, line 8]
Trace:
Cake\Error\BaseErrorHandler::handleFatalError() - CORE/src/Error/BaseErrorHandler.php, line 258
Cake\Error\BaseErrorHandler::Cake\Error\{closure}() - CORE/src/Error/BaseErrorHandler.php, line 122
[main] - [internal], line ??



2020-04-01 04:55:42 Error: [Cake\Error\FatalErrorException] Interface 'App\Lib\PrintLabels\GlabelInterface' not found in /Users/jmcd/sites/tgn-wms-cakephp4/src/Lib/PrintLabels/Glabel/ShippingLabel.php on line 8
Stack Trace:
- /Users/jmcd/sites/tgn-wms-cakephp4/vendor/cakephp/cakephp/src/Error/BaseErrorHandler.php:122
- [main] - [internal], line ??


2020-04-01 04:56:48 Error: Fatal Error (1): Interface 'App\Lib\PrintLabels\GlabelInterface' not found in [/Users/jmcd/sites/tgn-wms-cakephp4/src/Lib/PrintLabels/Glabel/ShippingLabelGeneric.php, line 8]
Trace:
Cake\Error\BaseErrorHandler::handleFatalError() - CORE/src/Error/BaseErrorHandler.php, line 258
Cake\Error\BaseErrorHandler::Cake\Error\{closure}() - CORE/src/Error/BaseErrorHandler.php, line 122
[main] - [internal], line ??



2020-04-01 04:56:48 Error: [Cake\Error\FatalErrorException] Interface 'App\Lib\PrintLabels\GlabelInterface' not found in /Users/jmcd/sites/tgn-wms-cakephp4/src/Lib/PrintLabels/Glabel/ShippingLabelGeneric.php on line 8
Stack Trace:
- /Users/jmcd/sites/tgn-wms-cakephp4/vendor/cakephp/cakephp/src/Error/BaseErrorHandler.php:122
- [main] - [internal], line ??


2020-04-01 05:04:45 Error: Fatal Error (1): Interface 'App\Lib\PrintLabels\GlabelInterface' not found in [/Users/jmcd/sites/tgn-wms-cakephp4/src/Lib/PrintLabels/Glabel/SampleLabel.php, line 8]
Trace:
Cake\Error\BaseErrorHandler::handleFatalError() - CORE/src/Error/BaseErrorHandler.php, line 258
Cake\Error\BaseErrorHandler::Cake\Error\{closure}() - CORE/src/Error/BaseErrorHandler.php, line 122
[main] - [internal], line ??



2020-04-01 05:04:45 Error: [Cake\Error\FatalErrorException] Interface 'App\Lib\PrintLabels\GlabelInterface' not found in /Users/jmcd/sites/tgn-wms-cakephp4/src/Lib/PrintLabels/Glabel/SampleLabel.php on line 8
Stack Trace:
- /Users/jmcd/sites/tgn-wms-cakephp4/vendor/cakephp/cakephp/src/Error/BaseErrorHandler.php:122
- [main] - [internal], line ??


2020-04-01 05:05:35 Error: Fatal Error (1): Interface 'App\Lib\PrintLabels\GlabelInterface' not found in [/Users/jmcd/sites/tgn-wms-cakephp4/src/Lib/PrintLabels/Glabel/SsccLabel.php, line 8]
Trace:
Cake\Error\BaseErrorHandler::handleFatalError() - CORE/src/Error/BaseErrorHandler.php, line 258
Cake\Error\BaseErrorHandler::Cake\Error\{closure}() - CORE/src/Error/BaseErrorHandler.php, line 122
[main] - [internal], line ??



2020-04-01 05:05:35 Error: [Cake\Error\FatalErrorException] Interface 'App\Lib\PrintLabels\GlabelInterface' not found in /Users/jmcd/sites/tgn-wms-cakephp4/src/Lib/PrintLabels/Glabel/SsccLabel.php on line 8
Stack Trace:
- /Users/jmcd/sites/tgn-wms-cakephp4/vendor/cakephp/cakephp/src/Error/BaseErrorHandler.php:122
- [main] - [internal], line ??


2020-04-01 11:57:32 Error: [Cake\Database\Exception] SQLSTATE[42S02]: Base table or view not found: 1146 Table 'tgnwmsdb.print_labels' doesn't exist in /Users/jmcd/sites/tgn-wms-cakephp4/vendor/cakephp/cakephp/src/Database/Schema/Collection.php on line 142
Stack Trace:
- /Users/jmcd/sites/tgn-wms-cakephp4/vendor/cakephp/cakephp/src/Database/Schema/Collection.php:100
- /Users/jmcd/sites/tgn-wms-cakephp4/vendor/cakephp/cakephp/src/Database/Schema/CachedCollection.php:84
- /Users/jmcd/sites/tgn-wms-cakephp4/vendor/cakephp/cakephp/src/ORM/Table.php:509
- /Users/jmcd/sites/tgn-wms-cakephp4/vendor/cakephp/cakephp/src/ORM/Table.php:649
- /Users/jmcd/sites/tgn-wms-cakephp4/vendor/cakephp/bake/src/Command/ModelCommand.php:200
- /Users/jmcd/sites/tgn-wms-cakephp4/vendor/cakephp/bake/src/Command/ModelCommand.php:123
- /Users/jmcd/sites/tgn-wms-cakephp4/vendor/cakephp/bake/src/Command/ModelCommand.php:99
- /Users/jmcd/sites/tgn-wms-cakephp4/vendor/cakephp/bake/src/Command/ModelCommand.php:82
- /Users/jmcd/sites/tgn-wms-cakephp4/vendor/cakephp/cakephp/src/Console/BaseCommand.php:175
- /Users/jmcd/sites/tgn-wms-cakephp4/vendor/cakephp/cakephp/src/Console/CommandRunner.php:336
- /Users/jmcd/sites/tgn-wms-cakephp4/vendor/cakephp/cakephp/src/Console/CommandRunner.php:171
- /Users/jmcd/sites/tgn-wms-cakephp4/bin/cake.php:12

Caused by: [PDOException] SQLSTATE[42S02]: Base table or view not found: 1146 Table 'tgnwmsdb.print_labels' doesn't exist in /Users/jmcd/sites/tgn-wms-cakephp4/vendor/cakephp/cakephp/src/Database/Statement/MysqlStatement.php on line 40
Stack Trace:
- /Users/jmcd/sites/tgn-wms-cakephp4/vendor/cakephp/cakephp/src/Database/Statement/MysqlStatement.php:40
- /Users/jmcd/sites/tgn-wms-cakephp4/vendor/cakephp/cakephp/src/Database/Connection.php:358
- /Users/jmcd/sites/tgn-wms-cakephp4/vendor/cakephp/cakephp/src/Core/Retry/CommandRetry.php:69
- /Users/jmcd/sites/tgn-wms-cakephp4/vendor/cakephp/cakephp/src/Database/Connection.php:361
- /Users/jmcd/sites/tgn-wms-cakephp4/vendor/cakephp/cakephp/src/Database/Connection.php:310
- /Users/jmcd/sites/tgn-wms-cakephp4/vendor/cakephp/cakephp/src/Core/Retry/CommandRetry.php:69
- /Users/jmcd/sites/tgn-wms-cakephp4/vendor/cakephp/cakephp/src/Database/Connection.php:314
- /Users/jmcd/sites/tgn-wms-cakephp4/vendor/cakephp/cakephp/src/Database/Schema/Collection.php:140
- /Users/jmcd/sites/tgn-wms-cakephp4/vendor/cakephp/cakephp/src/Database/Schema/Collection.php:100
- /Users/jmcd/sites/tgn-wms-cakephp4/vendor/cakephp/cakephp/src/Database/Schema/CachedCollection.php:84
- /Users/jmcd/sites/tgn-wms-cakephp4/vendor/cakephp/cakephp/src/ORM/Table.php:509
- /Users/jmcd/sites/tgn-wms-cakephp4/vendor/cakephp/cakephp/src/ORM/Table.php:649
- /Users/jmcd/sites/tgn-wms-cakephp4/vendor/cakephp/bake/src/Command/ModelCommand.php:200
- /Users/jmcd/sites/tgn-wms-cakephp4/vendor/cakephp/bake/src/Command/ModelCommand.php:123
- /Users/jmcd/sites/tgn-wms-cakephp4/vendor/cakephp/bake/src/Command/ModelCommand.php:99
- /Users/jmcd/sites/tgn-wms-cakephp4/vendor/cakephp/bake/src/Command/ModelCommand.php:82
- /Users/jmcd/sites/tgn-wms-cakephp4/vendor/cakephp/cakephp/src/Console/BaseCommand.php:175
- /Users/jmcd/sites/tgn-wms-cakephp4/vendor/cakephp/cakephp/src/Console/CommandRunner.php:336
- /Users/jmcd/sites/tgn-wms-cakephp4/vendor/cakephp/cakephp/src/Console/CommandRunner.php:171
- /Users/jmcd/sites/tgn-wms-cakephp4/bin/cake.php:12



2020-04-02 12:38:39 Warning: Warning (512): Association property name "production_line" clashes with field of same name of table "labels". You should explicitly specify the "propertyName" option. in [/Users/jmcd/sites/tgn-wms-cakephp4/vendor/cakephp/cakephp/src/ORM/Association.php, line 598]
Trace:
Cake\Error\BaseErrorHandler::handleError() - CORE/src/Error/BaseErrorHandler.php, line 188
Cake\ORM\Association::getProperty() - CORE/src/ORM/Association.php, line 598
Bake\Utility\Model\AssociationFilter::filterAssociations() - ROOT/vendor/cakephp/bake/src/Utility/Model/AssociationFilter.php, line 96
Bake\Command\TemplateCommand::_filteredAssociations() - ROOT/vendor/cakephp/bake/src/Command/TemplateCommand.php, line 432
Bake\Command\TemplateCommand::_loadController() - ROOT/vendor/cakephp/bake/src/Command/TemplateCommand.php, line 293
Bake\Command\TemplateCommand::execute() - ROOT/vendor/cakephp/bake/src/Command/TemplateCommand.php, line 132
Bake\Command\TemplateAllCommand::execute() - ROOT/vendor/cakephp/bake/src/Command/TemplateAllCommand.php, line 62
Cake\Console\BaseCommand::run() - CORE/src/Console/BaseCommand.php, line 175
Cake\Console\CommandRunner::runCommand() - CORE/src/Console/CommandRunner.php, line 336
Cake\Console\CommandRunner::run() - CORE/src/Console/CommandRunner.php, line 171
[main] - ROOT/bin/cake.php, line 12



2020-04-02 12:38:39 Warning: Warning (512): Association property name "item" clashes with field of same name of table "labels". You should explicitly specify the "propertyName" option. in [/Users/jmcd/sites/tgn-wms-cakephp4/vendor/cakephp/cakephp/src/ORM/Association.php, line 598]
Trace:
Cake\Error\BaseErrorHandler::handleError() - CORE/src/Error/BaseErrorHandler.php, line 188
Cake\ORM\Association::getProperty() - CORE/src/ORM/Association.php, line 598
Bake\Utility\Model\AssociationFilter::filterAssociations() - ROOT/vendor/cakephp/bake/src/Utility/Model/AssociationFilter.php, line 96
Bake\Command\TemplateCommand::_filteredAssociations() - ROOT/vendor/cakephp/bake/src/Command/TemplateCommand.php, line 432
Bake\Command\TemplateCommand::_loadController() - ROOT/vendor/cakephp/bake/src/Command/TemplateCommand.php, line 293
Bake\Command\TemplateCommand::execute() - ROOT/vendor/cakephp/bake/src/Command/TemplateCommand.php, line 132
Bake\Command\TemplateAllCommand::execute() - ROOT/vendor/cakephp/bake/src/Command/TemplateAllCommand.php, line 62
Cake\Console\BaseCommand::run() - CORE/src/Console/BaseCommand.php, line 175
Cake\Console\CommandRunner::runCommand() - CORE/src/Console/CommandRunner.php, line 336
Cake\Console\CommandRunner::run() - CORE/src/Console/CommandRunner.php, line 171
[main] - ROOT/bin/cake.php, line 12



